********************************************************************************
DUPLICATOR-LITE PACKAGE-LOG: 5 May, 2019 1:00 pm
NOTICE: Do NOT post to public sites or forums 
********************************************************************************
VERSION:	1.3.12
WORDPRESS:	5.1.1
PHP INFO:	7.2.17 | SAPI: apache2handler
SERVER:		Apache/2.4.39 (Win64) OpenSSL/1.1.1b PHP/7.2.17 
PHP TIME LIMIT: (0) no time limit imposed 
PHP MAX MEMORY: 4294967296 (128M default) 
MEMORY STACK: 12MB 

********************************************************************************
DATABASE:
********************************************************************************
BUILD MODE:   MYSQLDUMP
MYSQLTIMEOUT: 5000
MYSQLDUMP:    Is Supported 
SQL CREATED: 20190505_municipalidad_aa61151547f95a2e5572_20190505125920_database.sql 
SQL FILE SIZE: 1.42MB (1488581) 
SQL FILE TIME: 2019-05-05 13:00:21 
SQL RUNTIME: 0.75 sec. 

******************************************************************************** 
ARCHIVE (ZIP): 
******************************************************************************** 
ARCHIVE DIR:  D:/Aplicaciones/Xampp/htdocs/munimantilla 
ARCHIVE FILE: 20190505_municipalidad_aa61151547f95a2e5572_20190505125920_archive.zip 
FILTERS: *OFF* 
DIRS:
	not set 
FILES:
	not set 
EXTS:  not set 
---------------------------------------- 
COMPRESSING 
SIZE:	115.56MB 
STATS:	Dirs 1,057 | Files 5,262 
SQL ADDED: 20190505_municipalidad_aa61151547f95a2e5572_20190505125920_database.sql 
ZipArchive Object
(
    [status] => 0
    [statusSys] => 0
    [numFiles] => 6319
    [filename] => D:\Aplicaciones\Xampp\htdocs\munimantilla\wp-snapshots\tmp\20190505_municipalidad_aa61151547f95a2e5572_20190505125920_archive.zip
    [comment] => 
)
 
FILE ADDED TO ZIP: 6318 
COMPRESSION RESULT: '1' 
COMPRESSED SIZE: 50.85MB 
ARCHIVE RUNTIME: 21.61 sec. 
MEMORY STACK: 120MB 
building installer 
add_extra_files1 
add_extra_files2 
add_extra_files3 
add_extra_files4 
Doing archive file check 
add_extra_files5 
add_extra_files6 
add_extra_files8 
Successfully opened zip D:/Aplicaciones/Xampp/htdocs/munimantilla/wp-snapshots/tmp/20190505_municipalidad_aa61151547f95a2e5572_20190505125920_archive.zip 
Adding enhanced installer files to archive using ZipArchive 
Installer files added to archive 
Added to archive 
After ziparchive close when adding installer 

******************************************************************************** 
INTEGRITY CHECKS: 
******************************************************************************** 
SQL FILE: 1.42MB 
INSTALLER FILE: 210.89KB 
ARCHIVE FILE: 52.08MB  
EXPECTED FILE/DIRECTORY COUNT: 6,319 
ACTUAL FILE/DIRECTORY COUNT: 6,318 
ARCHIVE CONSISTENCY TEST: Pass 

********************************************************************************
RECORD ID:[1]
TOTAL PROCESS RUNTIME: 23.65 sec.
PEAK PHP MEMORY USED: 122MB
DONE PROCESSING => 20190505_municipalidad 5 May, 2019 1:00 pm
 
